<?xml version="1.0" encoding="UTF-8"?>
<!-- Generated by org.testng.reporters.JUnitXMLReporter -->
<testsuite ignored="0" hostname="Liam" failures="0" tests="7" name="Default test" time="52.111" errors="0" timestamp="2024-02-21T18:51:51 GMT">
  <testcase classname="fuelbuddyAutomationTest.WelcomeScreenTest" name="testClickGetStartedButton" time="2.671"/>
  <testcase classname="fuelbuddyAutomationTest.WelcomeScreenTest" name="testFuelBuddyLogo" time="2.079"/>
  <testcase classname="fuelbuddyAutomationTest.WelcomeScreenTest" name="testFuelStationImage" time="2.153"/>
  <testcase classname="fuelbuddyAutomationTest.WelcomeScreenTest" name="testGetStartedButtonDisplay" time="2.17"/>
  <testcase classname="fuelbuddyAutomationTest.WelcomeScreenTest" name="testGetStartedText" time="1.832"/>
  <testcase classname="fuelbuddyAutomationTest.WelcomeScreenTest" name="testWelcomeSloganText" time="1.827"/>
  <testcase classname="fuelbuddyAutomationTest.WelcomeScreenTest" name="testWelcomeText" time="2.066"/>
</testsuite> <!-- Default test -->
