<?xml version="1.0" encoding="UTF-8"?>
<!-- Generated by org.testng.reporters.JUnitXMLReporter -->
<testsuite ignored="6" hostname="Liam" failures="0" tests="1" name="Smoke Suite" time="16.57" errors="0" timestamp="2024-02-21T20:41:42 GMT">
  <testcase classname="fuelbuddyAutomationTest.WelcomeScreenTest" name="testClickGetStartedButton" time="2.836"/>
  <testcase classname="fuelbuddyAutomationTest.WelcomeScreenTest" name="testGetStartedButtonDisplay" time="0.0">
    <ignored/>
  </testcase> <!-- testGetStartedButtonDisplay -->
  <testcase classname="fuelbuddyAutomationTest.WelcomeScreenTest" name="testGetStartedText" time="0.0">
    <ignored/>
  </testcase> <!-- testGetStartedText -->
  <testcase classname="fuelbuddyAutomationTest.WelcomeScreenTest" name="testWelcomeSloganText" time="0.0">
    <ignored/>
  </testcase> <!-- testWelcomeSloganText -->
  <testcase classname="fuelbuddyAutomationTest.WelcomeScreenTest" name="testFuelBuddyLogo" time="0.0">
    <ignored/>
  </testcase> <!-- testFuelBuddyLogo -->
  <testcase classname="fuelbuddyAutomationTest.WelcomeScreenTest" name="testFuelStationImage" time="0.0">
    <ignored/>
  </testcase> <!-- testFuelStationImage -->
  <testcase classname="fuelbuddyAutomationTest.WelcomeScreenTest" name="testWelcomeText" time="0.0">
    <ignored/>
  </testcase> <!-- testWelcomeText -->
</testsuite> <!-- Smoke Suite -->
