<?xml version="1.0" encoding="UTF-8"?>
<!-- Generated by org.testng.reporters.JUnitXMLReporter -->
<testsuite ignored="6" hostname="Liam" failures="1" tests="1" name="regession_test_suite" time="0.034" errors="0" timestamp="2024-02-21T19:20:31 GMT">
  <testcase classname="fuelbuddyAutomationTest.WelcomeScreenTest" name="testFuelBuddyLogo" time="0.008">
    <failure type="java.lang.NullPointerException" message="Cannot invoke &amp;quot;io.appium.java_client.AppiumDriver.findElement(org.openqa.selenium.By)&amp;quot; because &amp;quot;this.driver&amp;quot; is null">
      <![CDATA[java.lang.NullPointerException: Cannot invoke "io.appium.java_client.AppiumDriver.findElement(org.openqa.selenium.By)" because "this.driver" is null
at fuelbuddyAutomation.WelcomeScreen.isFuelBuddyLogoDisplayed(WelcomeScreen.java:17)
at fuelbuddyAutomationTest.WelcomeScreenTest.testFuelBuddyLogo(WelcomeScreenTest.java:28)
at java.base/java.util.ArrayList.forEach(ArrayList.java:1511)
... Removed 27 stack frames]]>
    </failure>
  </testcase> <!-- testFuelBuddyLogo -->
  <testcase classname="fuelbuddyAutomationTest.WelcomeScreenTest" name="testClickGetStartedButton" time="0.0">
    <ignored/>
  </testcase> <!-- testClickGetStartedButton -->
  <testcase classname="fuelbuddyAutomationTest.WelcomeScreenTest" name="testGetStartedButtonDisplay" time="0.0">
    <ignored/>
  </testcase> <!-- testGetStartedButtonDisplay -->
  <testcase classname="fuelbuddyAutomationTest.WelcomeScreenTest" name="testGetStartedText" time="0.0">
    <ignored/>
  </testcase> <!-- testGetStartedText -->
  <testcase classname="fuelbuddyAutomationTest.WelcomeScreenTest" name="testWelcomeSloganText" time="0.0">
    <ignored/>
  </testcase> <!-- testWelcomeSloganText -->
  <testcase classname="fuelbuddyAutomationTest.WelcomeScreenTest" name="testFuelStationImage" time="0.0">
    <ignored/>
  </testcase> <!-- testFuelStationImage -->
  <testcase classname="fuelbuddyAutomationTest.WelcomeScreenTest" name="testWelcomeText" time="0.0">
    <ignored/>
  </testcase> <!-- testWelcomeText -->
</testsuite> <!-- regession_test_suite -->
