<?xml version="1.0" encoding="UTF-8"?>
<!-- Generated by org.testng.reporters.JUnitXMLReporter -->
<testsuite ignored="0" hostname="Liam" failures="3" tests="23" name="Regression Test" time="216.634" errors="0" timestamp="2024-03-03T18:28:33 GMT">
  <testcase classname="fuelbuddyAutomationTest.WelcomeScreenTest" name="testFuelBuddyLogo" time="2.112"/>
  <testcase classname="fuelbuddyAutomationTest.WelcomeScreenTest" name="testWelcomeText" time="2.1"/>
  <testcase classname="fuelbuddyAutomationTest.WelcomeScreenTest" name="testWelcomeSloganText" time="1.848"/>
  <testcase classname="fuelbuddyAutomationTest.WelcomeScreenTest" name="testFuelStationImage" time="2.113"/>
  <testcase classname="fuelbuddyAutomationTest.WelcomeScreenTest" name="testGetStartedButtonDisplay" time="1.824"/>
  <testcase classname="fuelbuddyAutomationTest.WelcomeScreenTest" name="testGetStartedText" time="2.142"/>
  <testcase classname="fuelbuddyAutomationTest.WelcomeScreenTest" name="testClickGetStartedButton" time="2.731"/>
  <testcase classname="fuelbuddyAutomationTest.RegistrationScreenTest" name="testFuelBuddyLogo" time="0.052"/>
  <testcase classname="fuelbuddyAutomationTest.RegistrationScreenTest" name="testLoginToggleButtonDisplayed" time="0.06"/>
  <testcase classname="fuelbuddyAutomationTest.RegistrationScreenTest" name="testLoginToggleButtonClick" time="0.831"/>
  <testcase classname="fuelbuddyAutomationTest.RegistrationScreenTest" name="testNameFieldText" time="0.054"/>
  <testcase classname="fuelbuddyAutomationTest.RegistrationScreenTest" name="testNameFieldDisplayed" time="0.052"/>
  <testcase classname="fuelbuddyAutomationTest.RegistrationScreenTest" name="testUsernameFieldText" time="0.058"/>
  <testcase classname="fuelbuddyAutomationTest.RegistrationScreenTest" name="testUsernameFieldDisplayed" time="0.053"/>
  <testcase classname="fuelbuddyAutomationTest.RegistrationScreenTest" name="testPhoneNumberFieldText" time="0.064"/>
  <testcase classname="fuelbuddyAutomationTest.RegistrationScreenTest" name="testPhoneNumberFieldDisplayed" time="0.054"/>
  <testcase classname="fuelbuddyAutomationTest.RegistrationScreenTest" name="testPhoneNumberPrefixFieldDisaplys" time="0.051"/>
  <testcase classname="fuelbuddyAutomationTest.RegistrationScreenTest" name="testPhoneNumberPrefixFieldText" time="0.063"/>
  <testcase classname="fuelbuddyAutomationTest.RegistrationScreenTest" name="testRegisterButtonDisplayed" time="0.06"/>
  <testcase classname="fuelbuddyAutomationTest.RegistrationScreenTest" name="testRegisterButtonText" time="0.064"/>
  <testcase classname="fuelbuddyAutomationTest.RegistrationScreenTest" name="testInvalidNameAndValidUsernameAndPhone" time="11.781">
    <failure type="org.openqa.selenium.TimeoutException" message="Expected condition failed: waiting for visibility of element located by By.xpath: //android.widget.TextView[@text=&amp;quot;Please Enter Your Full Name.&amp;quot;] (tried for 10 second(s) with 500 milliseconds interval)">
      <![CDATA[org.openqa.selenium.TimeoutException: Expected condition failed: waiting for visibility of element located by By.xpath: //android.widget.TextView[@text="Please Enter Your Full Name."] (tried for 10 second(s) with 500 milliseconds interval)
at org.openqa.selenium.support.ui.WebDriverWait.timeoutException(WebDriverWait.java:81)
at org.openqa.selenium.support.ui.FluentWait.until(FluentWait.java:271)
at fuelbuddyAutomationTest.RegistrationScreenTest.testInvalidNameAndValidUsernameAndPhone(RegistrationScreenTest.java:129)
at java.base/java.util.ArrayList.forEach(ArrayList.java:1511)
Caused by: org.openqa.selenium.NoSuchElementException: Cannot locate an element using By.xpath: //android.widget.TextView[@text="Please Enter Your Full Name."]
For documentation on this error, please visit: http://seleniumhq.org/exceptions/no_such_element.html
Build info: version: '3.11.0', revision: 'e59cfb3', time: '2018-03-11T20:26:55.152Z'
System info: host: 'LIAM', ip: '192.168.1.7', os.name: 'Windows 11', os.arch: 'amd64', os.version: '10.0', java.version: '17.0.10'
Driver info: driver.version: unknown
at org.openqa.selenium.support.ui.ExpectedConditions.lambda$findElement$0(ExpectedConditions.java:896)
at java.base/java.util.Optional.orElseThrow(Optional.java:403)
at org.openqa.selenium.support.ui.ExpectedConditions.findElement(ExpectedConditions.java:895)
at org.openqa.selenium.support.ui.ExpectedConditions.access$000(ExpectedConditions.java:44)
at org.openqa.selenium.support.ui.ExpectedConditions$7.apply(ExpectedConditions.java:206)
at org.openqa.selenium.support.ui.ExpectedConditions$7.apply(ExpectedConditions.java:202)
at org.openqa.selenium.support.ui.FluentWait.until(FluentWait.java:248)
... 29 more
... Removed 27 stack frames]]>
    </failure>
  </testcase> <!-- testInvalidNameAndValidUsernameAndPhone -->
  <testcase classname="fuelbuddyAutomationTest.RegistrationScreenTest" name="testBlankNameAndValidUsernameAndPhone" time="11.727">
    <failure type="org.openqa.selenium.TimeoutException" message="Expected condition failed: waiting for visibility of element located by By.xpath: //android.widget.TextView[@text=&amp;quot;Please enter your full name.&amp;quot;] (tried for 10 second(s) with 500 milliseconds interval)">
      <![CDATA[org.openqa.selenium.TimeoutException: Expected condition failed: waiting for visibility of element located by By.xpath: //android.widget.TextView[@text="Please enter your full name."] (tried for 10 second(s) with 500 milliseconds interval)
at org.openqa.selenium.support.ui.WebDriverWait.timeoutException(WebDriverWait.java:81)
at org.openqa.selenium.support.ui.FluentWait.until(FluentWait.java:271)
at fuelbuddyAutomationTest.RegistrationScreenTest.testBlankNameAndValidUsernameAndPhone(RegistrationScreenTest.java:140)
at java.base/java.util.ArrayList.forEach(ArrayList.java:1511)
Caused by: org.openqa.selenium.NoSuchElementException: Cannot locate an element using By.xpath: //android.widget.TextView[@text="Please enter your full name."]
For documentation on this error, please visit: http://seleniumhq.org/exceptions/no_such_element.html
Build info: version: '3.11.0', revision: 'e59cfb3', time: '2018-03-11T20:26:55.152Z'
System info: host: 'LIAM', ip: '192.168.1.7', os.name: 'Windows 11', os.arch: 'amd64', os.version: '10.0', java.version: '17.0.10'
Driver info: driver.version: unknown
at org.openqa.selenium.support.ui.ExpectedConditions.lambda$findElement$0(ExpectedConditions.java:896)
at java.base/java.util.Optional.orElseThrow(Optional.java:403)
at org.openqa.selenium.support.ui.ExpectedConditions.findElement(ExpectedConditions.java:895)
at org.openqa.selenium.support.ui.ExpectedConditions.access$000(ExpectedConditions.java:44)
at org.openqa.selenium.support.ui.ExpectedConditions$7.apply(ExpectedConditions.java:206)
at org.openqa.selenium.support.ui.ExpectedConditions$7.apply(ExpectedConditions.java:202)
at org.openqa.selenium.support.ui.FluentWait.until(FluentWait.java:248)
... 29 more
... Removed 27 stack frames]]>
    </failure>
  </testcase> <!-- testBlankNameAndValidUsernameAndPhone -->
  <testcase classname="fuelbuddyAutomationTest.RegistrationScreenTest" name="testValidNameAndInvalidUsernameAndPhone" time="12.421">
    <failure type="org.openqa.selenium.TimeoutException" message="Expected condition failed: waiting for visibility of element located by By.xpath: //android.widget.TextView[@text=&amp;quot;Username must be between 6-20 characters long. &amp;quot;] (tried for 10 second(s) with 500 milliseconds interval)">
      <![CDATA[org.openqa.selenium.TimeoutException: Expected condition failed: waiting for visibility of element located by By.xpath: //android.widget.TextView[@text="Username must be between 6-20 characters long. "] (tried for 10 second(s) with 500 milliseconds interval)
at org.openqa.selenium.support.ui.WebDriverWait.timeoutException(WebDriverWait.java:81)
at org.openqa.selenium.support.ui.FluentWait.until(FluentWait.java:271)
at fuelbuddyAutomationTest.RegistrationScreenTest.testValidNameAndInvalidUsernameAndPhone(RegistrationScreenTest.java:151)
at java.base/java.util.ArrayList.forEach(ArrayList.java:1511)
Caused by: org.openqa.selenium.NoSuchElementException: Cannot locate an element using By.xpath: //android.widget.TextView[@text="Username must be between 6-20 characters long. "]
For documentation on this error, please visit: http://seleniumhq.org/exceptions/no_such_element.html
Build info: version: '3.11.0', revision: 'e59cfb3', time: '2018-03-11T20:26:55.152Z'
System info: host: 'LIAM', ip: '192.168.1.7', os.name: 'Windows 11', os.arch: 'amd64', os.version: '10.0', java.version: '17.0.10'
Driver info: driver.version: unknown
at org.openqa.selenium.support.ui.ExpectedConditions.lambda$findElement$0(ExpectedConditions.java:896)
at java.base/java.util.Optional.orElseThrow(Optional.java:403)
at org.openqa.selenium.support.ui.ExpectedConditions.findElement(ExpectedConditions.java:895)
at org.openqa.selenium.support.ui.ExpectedConditions.access$000(ExpectedConditions.java:44)
at org.openqa.selenium.support.ui.ExpectedConditions$7.apply(ExpectedConditions.java:206)
at org.openqa.selenium.support.ui.ExpectedConditions$7.apply(ExpectedConditions.java:202)
at org.openqa.selenium.support.ui.FluentWait.until(FluentWait.java:248)
... 29 more
... Removed 27 stack frames]]>
    </failure>
  </testcase> <!-- testValidNameAndInvalidUsernameAndPhone -->
</testsuite> <!-- Regression Test -->
