<?xml version="1.0" encoding="UTF-8"?>
<testng-results ignored="0" total="18" passed="17" failed="1" skipped="0">
  <reporter-output>
  </reporter-output>
  <suite started-at="2024-03-03T16:55:50 GMT" name="Regression Suite" finished-at="2024-03-03T16:58:12 GMT" duration-ms="141344">
    <groups>
      <group name="regression">
        <method signature="RegistrationScreenTest.testFuelBuddyLogo()[pri:1, instance:fuelbuddyAutomationTest.RegistrationScreenTest@6e9175d8]" name="testFuelBuddyLogo" class="fuelbuddyAutomationTest.RegistrationScreenTest"/>
        <method signature="RegistrationScreenTest.testLoginToggleButtonClick()[pri:3, instance:fuelbuddyAutomationTest.RegistrationScreenTest@6e9175d8]" name="testLoginToggleButtonClick" class="fuelbuddyAutomationTest.RegistrationScreenTest"/>
        <method signature="RegistrationScreenTest.testLoginToggleButtonDisplayed()[pri:2, instance:fuelbuddyAutomationTest.RegistrationScreenTest@6e9175d8]" name="testLoginToggleButtonDisplayed" class="fuelbuddyAutomationTest.RegistrationScreenTest"/>
        <method signature="RegistrationScreenTest.testNameFieldDisplayed()[pri:5, instance:fuelbuddyAutomationTest.RegistrationScreenTest@6e9175d8]" name="testNameFieldDisplayed" class="fuelbuddyAutomationTest.RegistrationScreenTest"/>
        <method signature="RegistrationScreenTest.testNameFieldText()[pri:4, instance:fuelbuddyAutomationTest.RegistrationScreenTest@6e9175d8]" name="testNameFieldText" class="fuelbuddyAutomationTest.RegistrationScreenTest"/>
        <method signature="RegistrationScreenTest.testPhoneNumberFieldDisplayed()[pri:9, instance:fuelbuddyAutomationTest.RegistrationScreenTest@6e9175d8]" name="testPhoneNumberFieldDisplayed" class="fuelbuddyAutomationTest.RegistrationScreenTest"/>
        <method signature="RegistrationScreenTest.testPhoneNumberFieldText()[pri:8, instance:fuelbuddyAutomationTest.RegistrationScreenTest@6e9175d8]" name="testPhoneNumberFieldText" class="fuelbuddyAutomationTest.RegistrationScreenTest"/>
        <method signature="RegistrationScreenTest.testPhoneNumberPrefixFieldDisaplys()[pri:10, instance:fuelbuddyAutomationTest.RegistrationScreenTest@6e9175d8]" name="testPhoneNumberPrefixFieldDisaplys" class="fuelbuddyAutomationTest.RegistrationScreenTest"/>
        <method signature="RegistrationScreenTest.testPhoneNumberPrefixFieldText()[pri:11, instance:fuelbuddyAutomationTest.RegistrationScreenTest@6e9175d8]" name="testPhoneNumberPrefixFieldText" class="fuelbuddyAutomationTest.RegistrationScreenTest"/>
        <method signature="RegistrationScreenTest.testUsernameFieldDisplayed()[pri:7, instance:fuelbuddyAutomationTest.RegistrationScreenTest@6e9175d8]" name="testUsernameFieldDisplayed" class="fuelbuddyAutomationTest.RegistrationScreenTest"/>
        <method signature="RegistrationScreenTest.testUsernameFieldText()[pri:6, instance:fuelbuddyAutomationTest.RegistrationScreenTest@6e9175d8]" name="testUsernameFieldText" class="fuelbuddyAutomationTest.RegistrationScreenTest"/>
        <method signature="WelcomeScreenTest.testClickGetStartedButton()[pri:7, instance:fuelbuddyAutomationTest.WelcomeScreenTest@1530c739]" name="testClickGetStartedButton" class="fuelbuddyAutomationTest.WelcomeScreenTest"/>
        <method signature="WelcomeScreenTest.testFuelBuddyLogo()[pri:1, instance:fuelbuddyAutomationTest.WelcomeScreenTest@1530c739]" name="testFuelBuddyLogo" class="fuelbuddyAutomationTest.WelcomeScreenTest"/>
        <method signature="WelcomeScreenTest.testFuelStationImage()[pri:4, instance:fuelbuddyAutomationTest.WelcomeScreenTest@1530c739]" name="testFuelStationImage" class="fuelbuddyAutomationTest.WelcomeScreenTest"/>
        <method signature="WelcomeScreenTest.testGetStartedButtonDisplay()[pri:5, instance:fuelbuddyAutomationTest.WelcomeScreenTest@1530c739]" name="testGetStartedButtonDisplay" class="fuelbuddyAutomationTest.WelcomeScreenTest"/>
        <method signature="WelcomeScreenTest.testGetStartedText()[pri:6, instance:fuelbuddyAutomationTest.WelcomeScreenTest@1530c739]" name="testGetStartedText" class="fuelbuddyAutomationTest.WelcomeScreenTest"/>
        <method signature="WelcomeScreenTest.testWelcomeSloganText()[pri:3, instance:fuelbuddyAutomationTest.WelcomeScreenTest@1530c739]" name="testWelcomeSloganText" class="fuelbuddyAutomationTest.WelcomeScreenTest"/>
        <method signature="WelcomeScreenTest.testWelcomeText()[pri:2, instance:fuelbuddyAutomationTest.WelcomeScreenTest@1530c739]" name="testWelcomeText" class="fuelbuddyAutomationTest.WelcomeScreenTest"/>
      </group> <!-- regression -->
      <group name="smoke">
        <method signature="WelcomeScreenTest.testClickGetStartedButton()[pri:7, instance:fuelbuddyAutomationTest.WelcomeScreenTest@1530c739]" name="testClickGetStartedButton" class="fuelbuddyAutomationTest.WelcomeScreenTest"/>
      </group> <!-- smoke -->
    </groups>
    <test started-at="2024-03-03T16:55:50 GMT" name="Regression Test" finished-at="2024-03-03T16:58:12 GMT" duration-ms="141344">
      <class name="fuelbuddyAutomationTest.RegistrationScreenTest">
        <test-method is-config="true" signature="setUp()[pri:0, instance:fuelbuddyAutomationTest.RegistrationScreenTest@6e9175d8]" started-at="2024-03-03T16:56:45 GMT" name="setUp" finished-at="2024-03-03T16:56:54 GMT" duration-ms="8907" status="PASS">
          <reporter-output>
          </reporter-output>
        </test-method> <!-- setUp -->
        <test-method is-config="true" signature="navigateToRegistrationPage()[pri:0, instance:fuelbuddyAutomationTest.RegistrationScreenTest@6e9175d8]" started-at="2024-03-03T16:56:54 GMT" name="navigateToRegistrationPage" finished-at="2024-03-03T16:57:00 GMT" duration-ms="6852" status="PASS">
          <reporter-output>
          </reporter-output>
        </test-method> <!-- navigateToRegistrationPage -->
        <test-method signature="testFuelBuddyLogo()[pri:1, instance:fuelbuddyAutomationTest.RegistrationScreenTest@6e9175d8]" started-at="2024-03-03T16:57:00 GMT" name="testFuelBuddyLogo" finished-at="2024-03-03T16:57:00 GMT" duration-ms="47" status="PASS">
          <reporter-output>
          </reporter-output>
        </test-method> <!-- testFuelBuddyLogo -->
        <test-method is-config="true" signature="navigateToRegistrationPage()[pri:0, instance:fuelbuddyAutomationTest.RegistrationScreenTest@6e9175d8]" started-at="2024-03-03T16:57:00 GMT" name="navigateToRegistrationPage" finished-at="2024-03-03T16:57:07 GMT" duration-ms="7051" status="PASS">
          <reporter-output>
          </reporter-output>
        </test-method> <!-- navigateToRegistrationPage -->
        <test-method signature="testLoginToggleButtonDisplayed()[pri:2, instance:fuelbuddyAutomationTest.RegistrationScreenTest@6e9175d8]" started-at="2024-03-03T16:57:07 GMT" name="testLoginToggleButtonDisplayed" finished-at="2024-03-03T16:57:08 GMT" duration-ms="52" status="PASS">
          <reporter-output>
          </reporter-output>
        </test-method> <!-- testLoginToggleButtonDisplayed -->
        <test-method is-config="true" signature="navigateToRegistrationPage()[pri:0, instance:fuelbuddyAutomationTest.RegistrationScreenTest@6e9175d8]" started-at="2024-03-03T16:57:08 GMT" name="navigateToRegistrationPage" finished-at="2024-03-03T16:57:15 GMT" duration-ms="7006" status="PASS">
          <reporter-output>
          </reporter-output>
        </test-method> <!-- navigateToRegistrationPage -->
        <test-method signature="testLoginToggleButtonClick()[pri:3, instance:fuelbuddyAutomationTest.RegistrationScreenTest@6e9175d8]" started-at="2024-03-03T16:57:15 GMT" name="testLoginToggleButtonClick" finished-at="2024-03-03T16:57:15 GMT" duration-ms="909" status="PASS">
          <reporter-output>
          </reporter-output>
        </test-method> <!-- testLoginToggleButtonClick -->
        <test-method is-config="true" signature="navigateToRegistrationPage()[pri:0, instance:fuelbuddyAutomationTest.RegistrationScreenTest@6e9175d8]" started-at="2024-03-03T16:57:15 GMT" name="navigateToRegistrationPage" finished-at="2024-03-03T16:57:23 GMT" duration-ms="7063" status="PASS">
          <reporter-output>
          </reporter-output>
        </test-method> <!-- navigateToRegistrationPage -->
        <test-method signature="testNameFieldText()[pri:4, instance:fuelbuddyAutomationTest.RegistrationScreenTest@6e9175d8]" started-at="2024-03-03T16:57:23 GMT" name="testNameFieldText" finished-at="2024-03-03T16:57:23 GMT" duration-ms="64" status="PASS">
          <reporter-output>
          </reporter-output>
        </test-method> <!-- testNameFieldText -->
        <test-method is-config="true" signature="navigateToRegistrationPage()[pri:0, instance:fuelbuddyAutomationTest.RegistrationScreenTest@6e9175d8]" started-at="2024-03-03T16:57:23 GMT" name="navigateToRegistrationPage" finished-at="2024-03-03T16:57:30 GMT" duration-ms="7003" status="PASS">
          <reporter-output>
          </reporter-output>
        </test-method> <!-- navigateToRegistrationPage -->
        <test-method signature="testNameFieldDisplayed()[pri:5, instance:fuelbuddyAutomationTest.RegistrationScreenTest@6e9175d8]" started-at="2024-03-03T16:57:30 GMT" name="testNameFieldDisplayed" finished-at="2024-03-03T16:57:30 GMT" duration-ms="53" status="PASS">
          <reporter-output>
          </reporter-output>
        </test-method> <!-- testNameFieldDisplayed -->
        <test-method is-config="true" signature="navigateToRegistrationPage()[pri:0, instance:fuelbuddyAutomationTest.RegistrationScreenTest@6e9175d8]" started-at="2024-03-03T16:57:30 GMT" name="navigateToRegistrationPage" finished-at="2024-03-03T16:57:37 GMT" duration-ms="7179" status="PASS">
          <reporter-output>
          </reporter-output>
        </test-method> <!-- navigateToRegistrationPage -->
        <test-method signature="testUsernameFieldText()[pri:6, instance:fuelbuddyAutomationTest.RegistrationScreenTest@6e9175d8]" started-at="2024-03-03T16:57:37 GMT" name="testUsernameFieldText" finished-at="2024-03-03T16:57:37 GMT" duration-ms="60" status="PASS">
          <reporter-output>
          </reporter-output>
        </test-method> <!-- testUsernameFieldText -->
        <test-method is-config="true" signature="navigateToRegistrationPage()[pri:0, instance:fuelbuddyAutomationTest.RegistrationScreenTest@6e9175d8]" started-at="2024-03-03T16:57:37 GMT" name="navigateToRegistrationPage" finished-at="2024-03-03T16:57:44 GMT" duration-ms="6987" status="PASS">
          <reporter-output>
          </reporter-output>
        </test-method> <!-- navigateToRegistrationPage -->
        <test-method signature="testUsernameFieldDisplayed()[pri:7, instance:fuelbuddyAutomationTest.RegistrationScreenTest@6e9175d8]" started-at="2024-03-03T16:57:44 GMT" name="testUsernameFieldDisplayed" finished-at="2024-03-03T16:57:44 GMT" duration-ms="64" status="PASS">
          <reporter-output>
          </reporter-output>
        </test-method> <!-- testUsernameFieldDisplayed -->
        <test-method is-config="true" signature="navigateToRegistrationPage()[pri:0, instance:fuelbuddyAutomationTest.RegistrationScreenTest@6e9175d8]" started-at="2024-03-03T16:57:44 GMT" name="navigateToRegistrationPage" finished-at="2024-03-03T16:57:51 GMT" duration-ms="6889" status="PASS">
          <reporter-output>
          </reporter-output>
        </test-method> <!-- navigateToRegistrationPage -->
        <test-method signature="testPhoneNumberFieldText()[pri:8, instance:fuelbuddyAutomationTest.RegistrationScreenTest@6e9175d8]" started-at="2024-03-03T16:57:51 GMT" name="testPhoneNumberFieldText" finished-at="2024-03-03T16:57:51 GMT" duration-ms="49" status="PASS">
          <reporter-output>
          </reporter-output>
        </test-method> <!-- testPhoneNumberFieldText -->
        <test-method is-config="true" signature="navigateToRegistrationPage()[pri:0, instance:fuelbuddyAutomationTest.RegistrationScreenTest@6e9175d8]" started-at="2024-03-03T16:57:51 GMT" name="navigateToRegistrationPage" finished-at="2024-03-03T16:57:58 GMT" duration-ms="6867" status="PASS">
          <reporter-output>
          </reporter-output>
        </test-method> <!-- navigateToRegistrationPage -->
        <test-method signature="testPhoneNumberFieldDisplayed()[pri:9, instance:fuelbuddyAutomationTest.RegistrationScreenTest@6e9175d8]" started-at="2024-03-03T16:57:58 GMT" name="testPhoneNumberFieldDisplayed" finished-at="2024-03-03T16:57:58 GMT" duration-ms="56" status="PASS">
          <reporter-output>
          </reporter-output>
        </test-method> <!-- testPhoneNumberFieldDisplayed -->
        <test-method is-config="true" signature="navigateToRegistrationPage()[pri:0, instance:fuelbuddyAutomationTest.RegistrationScreenTest@6e9175d8]" started-at="2024-03-03T16:57:58 GMT" name="navigateToRegistrationPage" finished-at="2024-03-03T16:58:05 GMT" duration-ms="7145" status="PASS">
          <reporter-output>
          </reporter-output>
        </test-method> <!-- navigateToRegistrationPage -->
        <test-method signature="testPhoneNumberPrefixFieldDisaplys()[pri:10, instance:fuelbuddyAutomationTest.RegistrationScreenTest@6e9175d8]" started-at="2024-03-03T16:58:05 GMT" name="testPhoneNumberPrefixFieldDisaplys" finished-at="2024-03-03T16:58:05 GMT" duration-ms="64" status="PASS">
          <reporter-output>
          </reporter-output>
        </test-method> <!-- testPhoneNumberPrefixFieldDisaplys -->
        <test-method is-config="true" signature="navigateToRegistrationPage()[pri:0, instance:fuelbuddyAutomationTest.RegistrationScreenTest@6e9175d8]" started-at="2024-03-03T16:58:05 GMT" name="navigateToRegistrationPage" finished-at="2024-03-03T16:58:12 GMT" duration-ms="6757" status="PASS">
          <reporter-output>
          </reporter-output>
        </test-method> <!-- navigateToRegistrationPage -->
        <test-method signature="testPhoneNumberPrefixFieldText()[pri:11, instance:fuelbuddyAutomationTest.RegistrationScreenTest@6e9175d8]" started-at="2024-03-03T16:58:12 GMT" name="testPhoneNumberPrefixFieldText" finished-at="2024-03-03T16:58:12 GMT" duration-ms="67" status="PASS">
          <reporter-output>
          </reporter-output>
        </test-method> <!-- testPhoneNumberPrefixFieldText -->
      </class> <!-- fuelbuddyAutomationTest.RegistrationScreenTest -->
      <class name="fuelbuddyAutomationTest.WelcomeScreenTest">
        <test-method is-config="true" signature="setUp()[pri:0, instance:fuelbuddyAutomationTest.WelcomeScreenTest@1530c739]" started-at="2024-03-03T16:55:50 GMT" name="setUp" finished-at="2024-03-03T16:56:01 GMT" duration-ms="10668" status="PASS">
          <reporter-output>
          </reporter-output>
        </test-method> <!-- setUp -->
        <test-method is-config="true" signature="setUpEach()[pri:0, instance:fuelbuddyAutomationTest.WelcomeScreenTest@1530c739]" started-at="2024-03-03T16:56:01 GMT" name="setUpEach" finished-at="2024-03-03T16:56:05 GMT" duration-ms="4119" status="PASS">
          <reporter-output>
          </reporter-output>
        </test-method> <!-- setUpEach -->
        <test-method signature="testFuelBuddyLogo()[pri:1, instance:fuelbuddyAutomationTest.WelcomeScreenTest@1530c739]" started-at="2024-03-03T16:56:05 GMT" name="testFuelBuddyLogo" finished-at="2024-03-03T16:56:07 GMT" duration-ms="2142" status="PASS">
          <reporter-output>
          </reporter-output>
        </test-method> <!-- testFuelBuddyLogo -->
        <test-method is-config="true" signature="setUpEach()[pri:0, instance:fuelbuddyAutomationTest.WelcomeScreenTest@1530c739]" started-at="2024-03-03T16:56:07 GMT" name="setUpEach" finished-at="2024-03-03T16:56:12 GMT" duration-ms="4169" status="PASS">
          <reporter-output>
          </reporter-output>
        </test-method> <!-- setUpEach -->
        <test-method signature="testWelcomeText()[pri:2, instance:fuelbuddyAutomationTest.WelcomeScreenTest@1530c739]" started-at="2024-03-03T16:56:12 GMT" name="testWelcomeText" finished-at="2024-03-03T16:56:14 GMT" duration-ms="1921" status="PASS">
          <reporter-output>
          </reporter-output>
        </test-method> <!-- testWelcomeText -->
        <test-method is-config="true" signature="setUpEach()[pri:0, instance:fuelbuddyAutomationTest.WelcomeScreenTest@1530c739]" started-at="2024-03-03T16:56:14 GMT" name="setUpEach" finished-at="2024-03-03T16:56:18 GMT" duration-ms="4140" status="PASS">
          <reporter-output>
          </reporter-output>
        </test-method> <!-- setUpEach -->
        <test-method signature="testWelcomeSloganText()[pri:3, instance:fuelbuddyAutomationTest.WelcomeScreenTest@1530c739]" started-at="2024-03-03T16:56:18 GMT" name="testWelcomeSloganText" finished-at="2024-03-03T16:56:20 GMT" duration-ms="1911" status="PASS">
          <reporter-output>
          </reporter-output>
        </test-method> <!-- testWelcomeSloganText -->
        <test-method is-config="true" signature="setUpEach()[pri:0, instance:fuelbuddyAutomationTest.WelcomeScreenTest@1530c739]" started-at="2024-03-03T16:56:20 GMT" name="setUpEach" finished-at="2024-03-03T16:56:24 GMT" duration-ms="4480" status="PASS">
          <reporter-output>
          </reporter-output>
        </test-method> <!-- setUpEach -->
        <test-method signature="testFuelStationImage()[pri:4, instance:fuelbuddyAutomationTest.WelcomeScreenTest@1530c739]" started-at="2024-03-03T16:56:24 GMT" name="testFuelStationImage" finished-at="2024-03-03T16:56:26 GMT" duration-ms="1917" status="PASS">
          <reporter-output>
          </reporter-output>
        </test-method> <!-- testFuelStationImage -->
        <test-method is-config="true" signature="setUpEach()[pri:0, instance:fuelbuddyAutomationTest.WelcomeScreenTest@1530c739]" started-at="2024-03-03T16:56:26 GMT" name="setUpEach" finished-at="2024-03-03T16:56:30 GMT" duration-ms="4143" status="PASS">
          <reporter-output>
          </reporter-output>
        </test-method> <!-- setUpEach -->
        <test-method signature="testGetStartedButtonDisplay()[pri:5, instance:fuelbuddyAutomationTest.WelcomeScreenTest@1530c739]" started-at="2024-03-03T16:56:30 GMT" name="testGetStartedButtonDisplay" finished-at="2024-03-03T16:56:32 GMT" duration-ms="2268" status="PASS">
          <reporter-output>
          </reporter-output>
        </test-method> <!-- testGetStartedButtonDisplay -->
        <test-method is-config="true" signature="setUpEach()[pri:0, instance:fuelbuddyAutomationTest.WelcomeScreenTest@1530c739]" started-at="2024-03-03T16:56:32 GMT" name="setUpEach" finished-at="2024-03-03T16:56:37 GMT" duration-ms="4423" status="PASS">
          <reporter-output>
          </reporter-output>
        </test-method> <!-- setUpEach -->
        <test-method signature="testGetStartedText()[pri:6, instance:fuelbuddyAutomationTest.WelcomeScreenTest@1530c739]" started-at="2024-03-03T16:56:37 GMT" name="testGetStartedText" finished-at="2024-03-03T16:56:37 GMT" duration-ms="403" status="FAIL">
          <exception class="org.openqa.selenium.NoSuchElementException">
            <message>
              <![CDATA[An element could not be located on the page using the given search parameters.
For documentation on this error, please visit: http://seleniumhq.org/exceptions/no_such_element.html
Build info: version: '3.11.0', revision: 'e59cfb3', time: '2018-03-11T20:26:55.152Z'
System info: host: 'LIAM', ip: '192.168.1.7', os.name: 'Windows 11', os.arch: 'amd64', os.version: '10.0', java.version: '17.0.10'
Driver info: io.appium.java_client.android.AndroidDriver
Capabilities {app: C:\Users\liamh\Desktop\fuel..., appPackage: com.dcampion.fuelbuddy, automationName: UiAutomator2, databaseEnabled: false, desired: {app: C:\Users\liamh\Desktop\fuel..., automationName: UiAutomator2, deviceName: emulator-5554, platformName: android, platformVersion: 11.0}, deviceApiLevel: 30, deviceManufacturer: Google, deviceModel: sdk_gphone_x86, deviceName: emulator-5554, deviceScreenDensity: 560, deviceScreenSize: 1440x3120, deviceUDID: emulator-5554, javascriptEnabled: true, locationContextEnabled: false, networkConnectionEnabled: true, pixelRatio: 3.5, platform: LINUX, platformName: LINUX, platformVersion: 11, statBarHeight: 136, takesScreenshot: true, viewportRect: {height: 2984, left: 0, top: 136, width: 1440}, warnings: {}, webStorageEnabled: false}
Session ID: 57c1076d-54be-47f2-b1b5-e71c73663f86
*** Element info: {Using=xpath, value=//android.widget.TextView[@text="Get Started"]}]]>
            </message>
            <full-stacktrace>
              <![CDATA[org.openqa.selenium.NoSuchElementException: An element could not be located on the page using the given search parameters.
For documentation on this error, please visit: http://seleniumhq.org/exceptions/no_such_element.html
Build info: version: '3.11.0', revision: 'e59cfb3', time: '2018-03-11T20:26:55.152Z'
System info: host: 'LIAM', ip: '192.168.1.7', os.name: 'Windows 11', os.arch: 'amd64', os.version: '10.0', java.version: '17.0.10'
Driver info: io.appium.java_client.android.AndroidDriver
Capabilities {app: C:\Users\liamh\Desktop\fuel..., appPackage: com.dcampion.fuelbuddy, automationName: UiAutomator2, databaseEnabled: false, desired: {app: C:\Users\liamh\Desktop\fuel..., automationName: UiAutomator2, deviceName: emulator-5554, platformName: android, platformVersion: 11.0}, deviceApiLevel: 30, deviceManufacturer: Google, deviceModel: sdk_gphone_x86, deviceName: emulator-5554, deviceScreenDensity: 560, deviceScreenSize: 1440x3120, deviceUDID: emulator-5554, javascriptEnabled: true, locationContextEnabled: false, networkConnectionEnabled: true, pixelRatio: 3.5, platform: LINUX, platformName: LINUX, platformVersion: 11, statBarHeight: 136, takesScreenshot: true, viewportRect: {height: 2984, left: 0, top: 136, width: 1440}, warnings: {}, webStorageEnabled: false}
Session ID: 57c1076d-54be-47f2-b1b5-e71c73663f86
*** Element info: {Using=xpath, value=//android.widget.TextView[@text="Get Started"]}
at java.base/jdk.internal.reflect.NativeConstructorAccessorImpl.newInstance0(Native Method)
at java.base/jdk.internal.reflect.NativeConstructorAccessorImpl.newInstance(NativeConstructorAccessorImpl.java:77)
at java.base/jdk.internal.reflect.DelegatingConstructorAccessorImpl.newInstance(DelegatingConstructorAccessorImpl.java:45)
at java.base/java.lang.reflect.Constructor.newInstanceWithCaller(Constructor.java:499)
at java.base/java.lang.reflect.Constructor.newInstance(Constructor.java:480)
at org.openqa.selenium.remote.http.W3CHttpResponseCodec.createException(W3CHttpResponseCodec.java:187)
at org.openqa.selenium.remote.http.W3CHttpResponseCodec.decode(W3CHttpResponseCodec.java:122)
at org.openqa.selenium.remote.http.W3CHttpResponseCodec.decode(W3CHttpResponseCodec.java:49)
at org.openqa.selenium.remote.HttpCommandExecutor.execute(HttpCommandExecutor.java:160)
at io.appium.java_client.remote.AppiumCommandExecutor.execute(AppiumCommandExecutor.java:129)
at org.openqa.selenium.remote.RemoteWebDriver.execute(RemoteWebDriver.java:601)
at io.appium.java_client.DefaultGenericMobileDriver.execute(DefaultGenericMobileDriver.java:42)
at io.appium.java_client.AppiumDriver.execute(AppiumDriver.java:1)
at io.appium.java_client.android.AndroidDriver.execute(AndroidDriver.java:1)
at org.openqa.selenium.remote.RemoteWebDriver.findElement(RemoteWebDriver.java:371)
at io.appium.java_client.DefaultGenericMobileDriver.findElement(DefaultGenericMobileDriver.java:62)
at io.appium.java_client.AppiumDriver.findElement(AppiumDriver.java:1)
at io.appium.java_client.android.AndroidDriver.findElement(AndroidDriver.java:1)
at org.openqa.selenium.remote.RemoteWebDriver.findElementByXPath(RemoteWebDriver.java:473)
at io.appium.java_client.DefaultGenericMobileDriver.findElementByXPath(DefaultGenericMobileDriver.java:152)
at io.appium.java_client.AppiumDriver.findElementByXPath(AppiumDriver.java:1)
at io.appium.java_client.android.AndroidDriver.findElementByXPath(AndroidDriver.java:1)
at org.openqa.selenium.By$ByXPath.findElement(By.java:361)
at org.openqa.selenium.remote.RemoteWebDriver.findElement(RemoteWebDriver.java:363)
at io.appium.java_client.DefaultGenericMobileDriver.findElement(DefaultGenericMobileDriver.java:58)
at io.appium.java_client.AppiumDriver.findElement(AppiumDriver.java:1)
at io.appium.java_client.android.AndroidDriver.findElement(AndroidDriver.java:1)
at fuelbuddyAutomation.WelcomeScreen.getStartedText(WelcomeScreen.java:47)
at fuelbuddyAutomationTest.WelcomeScreenTest.testGetStartedText(WelcomeScreenTest.java:65)
at java.base/jdk.internal.reflect.NativeMethodAccessorImpl.invoke0(Native Method)
at java.base/jdk.internal.reflect.NativeMethodAccessorImpl.invoke(NativeMethodAccessorImpl.java:77)
at java.base/jdk.internal.reflect.DelegatingMethodAccessorImpl.invoke(DelegatingMethodAccessorImpl.java:43)
at java.base/java.lang.reflect.Method.invoke(Method.java:568)
at org.testng.internal.MethodInvocationHelper.invokeMethod(MethodInvocationHelper.java:133)
at org.testng.internal.TestInvoker.invokeMethod(TestInvoker.java:598)
at org.testng.internal.TestInvoker.invokeTestMethod(TestInvoker.java:173)
at org.testng.internal.MethodRunner.runInSequence(MethodRunner.java:46)
at org.testng.internal.TestInvoker$MethodInvocationAgent.invoke(TestInvoker.java:824)
at org.testng.internal.TestInvoker.invokeTestMethods(TestInvoker.java:146)
at org.testng.internal.TestMethodWorker.invokeTestMethods(TestMethodWorker.java:146)
at org.testng.internal.TestMethodWorker.run(TestMethodWorker.java:128)
at java.base/java.util.ArrayList.forEach(ArrayList.java:1511)
at org.testng.TestRunner.privateRun(TestRunner.java:794)
at org.testng.TestRunner.run(TestRunner.java:596)
at org.testng.SuiteRunner.runTest(SuiteRunner.java:377)
at org.testng.SuiteRunner.runSequentially(SuiteRunner.java:371)
at org.testng.SuiteRunner.privateRun(SuiteRunner.java:332)
at org.testng.SuiteRunner.run(SuiteRunner.java:276)
at org.testng.SuiteRunnerWorker.runSuite(SuiteRunnerWorker.java:53)
at org.testng.SuiteRunnerWorker.run(SuiteRunnerWorker.java:96)
at org.testng.TestNG.runSuitesSequentially(TestNG.java:1212)
at org.testng.TestNG.runSuitesLocally(TestNG.java:1134)
at org.testng.TestNG.runSuites(TestNG.java:1063)
at org.testng.TestNG.run(TestNG.java:1031)
at org.testng.remote.AbstractRemoteTestNG.run(AbstractRemoteTestNG.java:115)
at org.testng.remote.RemoteTestNG.initAndRun(RemoteTestNG.java:251)
at org.testng.remote.RemoteTestNG.main(RemoteTestNG.java:77)
]]>
            </full-stacktrace>
          </exception> <!-- org.openqa.selenium.NoSuchElementException -->
          <reporter-output>
          </reporter-output>
        </test-method> <!-- testGetStartedText -->
        <test-method is-config="true" signature="setUpEach()[pri:0, instance:fuelbuddyAutomationTest.WelcomeScreenTest@1530c739]" started-at="2024-03-03T16:56:37 GMT" name="setUpEach" finished-at="2024-03-03T16:56:41 GMT" duration-ms="4122" status="PASS">
          <reporter-output>
          </reporter-output>
        </test-method> <!-- setUpEach -->
        <test-method signature="testClickGetStartedButton()[pri:7, instance:fuelbuddyAutomationTest.WelcomeScreenTest@1530c739]" started-at="2024-03-03T16:56:41 GMT" name="testClickGetStartedButton" finished-at="2024-03-03T16:56:44 GMT" duration-ms="3013" status="PASS">
          <reporter-output>
          </reporter-output>
        </test-method> <!-- testClickGetStartedButton -->
        <test-method is-config="true" signature="tearDown()[pri:0, instance:fuelbuddyAutomationTest.WelcomeScreenTest@1530c739]" started-at="2024-03-03T16:56:44 GMT" name="tearDown" finished-at="2024-03-03T16:56:45 GMT" duration-ms="264" status="PASS">
          <reporter-output>
          </reporter-output>
        </test-method> <!-- tearDown -->
      </class> <!-- fuelbuddyAutomationTest.WelcomeScreenTest -->
    </test> <!-- Regression Test -->
  </suite> <!-- Regression Suite -->
</testng-results>
